<?xml version="1.0" encoding="UTF-8"?>
<testsuite name="WordPuzzleTest" tests="2" skipped="0" failures="0" errors="0" timestamp="2016-04-22T23:22:32" hostname="epicodus-67.local" time="0.0">
  <properties/>
  <testcase name="wordPuzzlerizer_acceptingInput_String" classname="WordPuzzleTest" time="0.0"/>
  <testcase name="wordPuzzlerizer_RemoveVowel_String" classname="WordPuzzleTest" time="0.0"/>
  <system-out><![CDATA[StringIn: why
StringOut: why
StringIn: This, is a test to see words. Words without vowels.
StringOut: Th-s, -s - t-st t- s-- w-rds. W-rds w-th--t v-w-ls.
]]></system-out>
  <system-err><![CDATA[]]></system-err>
</testsuite>
